Arguments: 
  C:\soft\nodejs\node.exe C:\soft\nodejs\node_modules\yarn\bin\yarn.js

PATH: 
  C:\soft\cmder\vendor\bin;C:\soft\cmder\vendor\conemu-maximus5\ConEmu\Scripts;C:\soft\cmder\vendor\conemu-maximus5;C:\soft\cmder\vendor\conemu-maximus5\ConEmu;C:\soft\ImageMagick-7.0.1-Q16;C:\Program Files\Common Files\Oracle\Java\javapath;C:\Program Files (x86)\VMware\VMware Workstation\bin\;C:\Windows\system32;C:\Windows;C:\Windows\System32\Wbem;C:\Windows\System32\WindowsPowerShell\v1.0\;C:\Windows\System32\OpenSSH\;C:\Program Files (x86)\NVIDIA Corporation\PhysX\Common;C:\Program Files\NVIDIA Corporation\NVIDIA NvDLISR;C:\soft\nvm;C:\soft\nodejs;C:\Program Files\Git\cmd;C:\Program Files\TortoiseGit\bin;C:\Program Files\Java\jdk-15.0.1\bin;C:\Go\bin;C:\program files\winrar;C:\soft\Redis\;C:\ProgramData\ComposerSetup\bin;C:\soft\apache-maven-3.6.3\bin;C:\Program Files\python;C:\Program Files\python\Scripts;H:\BtSoft\panel\script;C:\Users\傅长路\.cargo\bin;C:\Users\傅长路\AppData\Local\Microsoft\WindowsApps;C:\soft\nvm;C:\soft\nodejs;C:\JetBrains\GoLand2020\bin;C:\Users\傅长路\go\bin;C:\Users\傅长路\AppData\Local\gitkraken\bin;C:\Program Files\JetBrains\IntelliJ IDEA Community Edition 2020.3.2\bin;C:\Users\傅长路\AppData\Roaming\Composer\vendor\bin;C:\Program Files\Git\mingw64\bin;C:\Program Files\Git\usr\bin;C:\soft\cmder

Yarn version: 
  1.22.10

Node version: 
  14.15.3

Platform: 
  win32 x64

Trace: 
  Error: https://registry.npm.taobao.org/vite-plugin-store: Not found
      at Request.params.callback [as _callback] (C:\soft\nvm\v14.15.3\node_modules\yarn\lib\cli.js:66988:18)
      at Request.self.callback (C:\soft\nvm\v14.15.3\node_modules\yarn\lib\cli.js:140662:22)
      at Request.emit (events.js:315:20)
      at Request.<anonymous> (C:\soft\nvm\v14.15.3\node_modules\yarn\lib\cli.js:141634:10)
      at Request.emit (events.js:315:20)
      at IncomingMessage.<anonymous> (C:\soft\nvm\v14.15.3\node_modules\yarn\lib\cli.js:141556:12)
      at Object.onceWrapper (events.js:421:28)
      at IncomingMessage.emit (events.js:327:22)
      at endReadableNT (internal/streams/readable.js:1327:12)
      at processTicksAndRejections (internal/process/task_queues.js:80:21)

npm manifest: 
  {
    "private": true,
    "scripts": {
      "dev": "nodemon --watch ../../dist/*.js -x cross-env DEBUG=vite-plugin-store:* vite",
      "build": "cross-env DEBUG=vite-plugin-store vite build",
      "serve": "vite preview"
    },
    "dependencies": {
      "vite": "^2.1.5",
      "vue": "^3.0.11"
    },
    "devDependencies": {
      "@vitejs/plugin-vue": "^1.2.0",
      "@vue/compiler-sfc": "^3.0.9",
      "cross-env": "^7.0.3",
      "nodemon": "^2.0.7",
      "typescript": "^4.2.3",
      "vite": "^2.1.4",
      "vite-plugin-md": "^0.6.3",
      "vite-plugin-store": "workspace:*",
      "vite-plugin-restart": "^0.0.1"
    }
  }

yarn manifest: 
  No manifest

Lockfile: 
  No lockfile
